Arguments: 
  /home/ekrem/.nvm/versions/node/v8.1.4/bin/node /usr/share/yarn/bin/yarn.js install

PATH: 
  /home/ekrem/.nvm/versions/node/v8.1.4/bin:/usr/local/sbin:/usr/local/bin:/usr/sbin:/usr/bin:/sbin:/bin:/usr/games:/usr/local/games:/snap/bin:/usr/lib/jvm/java-8-oracle/bin:/usr/lib/jvm/java-8-oracle/db/bin:/usr/lib/jvm/java-8-oracle/jre/bin:/usr/local/go/bin:/home/ekrem/go/bin:/home/ekrem/Android/Sdk/tools:/home/ekrem/Android/Sdk/platform-tools

Yarn version: 
  0.27.5

Node version: 
  8.1.4

Platform: 
  linux x64

npm manifest: 
  {
    "name": "dev-server",
    "version": "1.0.0",
    "main": "index.js",
    "license": "MIT"
  },
  "scripts": {
      "start": "webpack-dev-server --open"
    },
    "devDependencies": {
      "browser-sync": "^2.18.12",
      "browser-sync-webpack-plugin": "^1.1.4",
      "css-loader": "^0.28.4",
      "extract-text-webpack-plugin": "^2.1.0",
      "node-sass": "^3.13.0",
      "postcss-loader": "^1.1.1",
      "sass-loader": "^4.0.2",
      "style-loader": "^0.18.2",
      "webpack": "^2.6.1",
      "webpack-dev-server": "^2.4.5"
    }

yarn manifest: 
  No manifest

Lockfile: 
  No lockfile

Trace: 
  SyntaxError: /home/ekrem/apps/dev-server/package.json: Unexpected token , in JSON at position 90
      at JSON.parse (<anonymous>)
      at /usr/share/yarn/lib/yarn-cli.js:747:57
      at Generator.next (<anonymous>)
      at step (/usr/share/yarn/lib/yarn-cli.js:91:30)
      at /usr/share/yarn/lib/yarn-cli.js:102:13
      at <anonymous>
